<?xml version="1.0" encoding="UTF-8"?>
<coverage generated="1685484135844" clover="3.2.0">
  <project timestamp="1685484135845" name="All files">
    <metrics statements="22" coveredstatements="21" conditionals="0" coveredconditionals="0" methods="13" coveredmethods="12" elements="35" coveredelements="33" complexity="0" loc="22" ncloc="22" packages="1" files="4" classes="4"/>
    <file name="GameSaving.js" path="C:\Users\milas\OneDrive\Рабочий стол\Учеба\ajs-50\Async-Promises\src\js\GameSaving.js">
      <metrics statements="3" coveredstatements="3" conditionals="0" coveredconditionals="0" methods="1" coveredmethods="1"/>
      <line num="3" count="1" type="stmt"/>
      <line num="4" count="1" type="stmt"/>
      <line num="5" count="1" type="stmt"/>
    </file>
    <file name="app.js" path="C:\Users\milas\OneDrive\Рабочий стол\Учеба\ajs-50\Async-Promises\src\js\app.js">
      <metrics statements="7" coveredstatements="6" conditionals="0" coveredconditionals="0" methods="5" coveredmethods="4"/>
      <line num="9" count="1" type="stmt"/>
      <line num="12" count="1" type="stmt"/>
      <line num="15" count="1" type="stmt"/>
      <line num="16" count="1" type="stmt"/>
      <line num="19" count="1" type="stmt"/>
      <line num="20" count="1" type="stmt"/>
      <line num="23" count="0" type="stmt"/>
    </file>
    <file name="parser.js" path="C:\Users\milas\OneDrive\Рабочий стол\Учеба\ajs-50\Async-Promises\src\js\parser.js">
      <metrics statements="3" coveredstatements="3" conditionals="0" coveredconditionals="0" methods="3" coveredmethods="3"/>
      <line num="3" count="1" type="stmt"/>
      <line num="5" count="1" type="stmt"/>
      <line num="6" count="1" type="stmt"/>
    </file>
    <file name="reader.js" path="C:\Users\milas\OneDrive\Рабочий стол\Учеба\ajs-50\Async-Promises\src\js\reader.js">
      <metrics statements="9" coveredstatements="9" conditionals="0" coveredconditionals="0" methods="4" coveredmethods="4"/>
      <line num="3" count="1" type="stmt"/>
      <line num="5" count="1" type="stmt"/>
      <line num="6" count="1" type="stmt"/>
      <line num="7" count="1" type="stmt"/>
      <line num="8" count="1" type="stmt"/>
      <line num="9" count="1" type="stmt"/>
      <line num="11" count="1" type="stmt"/>
      <line num="12" count="90" type="stmt"/>
      <line num="14" count="1" type="stmt"/>
    </file>
  </project>
</coverage>
