<?xml version="1.0" encoding="UTF-8"?>
<coverage generated="1685483106304" clover="3.2.0">
  <project timestamp="1685483106304" name="All files">
    <metrics statements="21" coveredstatements="12" conditionals="0" coveredconditionals="0" methods="11" coveredmethods="7" elements="32" coveredelements="19" complexity="0" loc="21" ncloc="21" packages="1" files="4" classes="4"/>
    <file name="gameSaving.js" path="C:\Users\milas\OneDrive\Рабочий стол\Учеба\ajs-50\Async-Promises\src\js\gameSaving.js">
      <metrics statements="3" coveredstatements="3" conditionals="0" coveredconditionals="0" methods="1" coveredmethods="1"/>
      <line num="3" count="1" type="stmt"/>
      <line num="4" count="1" type="stmt"/>
      <line num="5" count="1" type="stmt"/>
    </file>
    <file name="gameSavingLoader.js" path="C:\Users\milas\OneDrive\Рабочий стол\Учеба\ajs-50\Async-Promises\src\js\gameSavingLoader.js">
      <metrics statements="6" coveredstatements="6" conditionals="0" coveredconditionals="0" methods="3" coveredmethods="3"/>
      <line num="8" count="2" type="stmt"/>
      <line num="9" count="2" type="stmt"/>
      <line num="11" count="2" type="stmt"/>
      <line num="12" count="2" type="stmt"/>
      <line num="13" count="1" type="stmt"/>
      <line num="15" count="1" type="stmt"/>
    </file>
    <file name="parser.js" path="C:\Users\milas\OneDrive\Рабочий стол\Учеба\ajs-50\Async-Promises\src\js\parser.js">
      <metrics statements="3" coveredstatements="3" conditionals="0" coveredconditionals="0" methods="3" coveredmethods="3"/>
      <line num="3" count="2" type="stmt"/>
      <line num="5" count="2" type="stmt"/>
      <line num="6" count="2" type="stmt"/>
    </file>
    <file name="reader.js" path="C:\Users\milas\OneDrive\Рабочий стол\Учеба\ajs-50\Async-Promises\src\js\reader.js">
      <metrics statements="9" coveredstatements="0" conditionals="0" coveredconditionals="0" methods="4" coveredmethods="0"/>
      <line num="4" count="0" type="stmt"/>
      <line num="6" count="0" type="stmt"/>
      <line num="7" count="0" type="stmt"/>
      <line num="8" count="0" type="stmt"/>
      <line num="9" count="0" type="stmt"/>
      <line num="10" count="0" type="stmt"/>
      <line num="11" count="0" type="stmt"/>
      <line num="12" count="0" type="stmt"/>
      <line num="14" count="0" type="stmt"/>
    </file>
  </project>
</coverage>
