{"C:\\Users\\milas\\OneDrive\\Рабочий стол\\Учеба\\ajs-50\\Async-Promises\\src\\js\\gameSaving.js": {"path":"C:\\Users\\milas\\OneDrive\\Рабочий стол\\Учеба\\ajs-50\\Async-Promises\\src\\js\\gameSaving.js","statementMap":{"0":{"start":{"line":3,"column":4},"end":{"line":3,"column":17}},"1":{"start":{"line":4,"column":4},"end":{"line":4,"column":27}},"2":{"start":{"line":5,"column":4},"end":{"line":5,"column":29}}},"fnMap":{"0":{"name":"(anonymous_0)","decl":{"start":{"line":2,"column":2},"end":{"line":2,"column":3}},"loc":{"start":{"line":2,"column":37},"end":{"line":6,"column":3}},"line":2}},"branchMap":{},"s":{"0":1,"1":1,"2":1},"f":{"0":1},"b":{},"_coverageSchema":"1a1c01bbd47fc00a2c39e90264f33305004495a9","hash":"ec1fa4572e17329fa88e815aa3793e46b17b5198"}
,"C:\\Users\\milas\\OneDrive\\Рабочий стол\\Учеба\\ajs-50\\Async-Promises\\src\\js\\gameSavingLoader.js": {"path":"C:\\Users\\milas\\OneDrive\\Рабочий стол\\Учеба\\ajs-50\\Async-Promises\\src\\js\\gameSavingLoader.js","statementMap":{"0":{"start":{"line":8,"column":4},"end":{"line":17,"column":9}},"1":{"start":{"line":9,"column":22},"end":{"line":9,"column":32}},"2":{"start":{"line":11,"column":8},"end":{"line":16,"column":9}},"3":{"start":{"line":12,"column":29},"end":{"line":12,"column":46}},"4":{"start":{"line":13,"column":10},"end":{"line":13,"column":88}},"5":{"start":{"line":15,"column":10},"end":{"line":15,"column":50}}},"fnMap":{"0":{"name":"(anonymous_0)","decl":{"start":{"line":7,"column":2},"end":{"line":7,"column":3}},"loc":{"start":{"line":7,"column":16},"end":{"line":18,"column":3}},"line":7},"1":{"name":"(anonymous_1)","decl":{"start":{"line":9,"column":12},"end":{"line":9,"column":13}},"loc":{"start":{"line":9,"column":22},"end":{"line":9,"column":32}},"line":9},"2":{"name":"(anonymous_2)","decl":{"start":{"line":10,"column":12},"end":{"line":10,"column":13}},"loc":{"start":{"line":10,"column":23},"end":{"line":17,"column":7}},"line":10}},"branchMap":{},"s":{"0":2,"1":2,"2":2,"3":2,"4":1,"5":1},"f":{"0":2,"1":2,"2":2},"b":{},"_coverageSchema":"1a1c01bbd47fc00a2c39e90264f33305004495a9","hash":"01bcd11bff516a12946a8d3f833717df956a3ae8"}
,"C:\\Users\\milas\\OneDrive\\Рабочий стол\\Учеба\\ajs-50\\Async-Promises\\src\\js\\parser.js": {"path":"C:\\Users\\milas\\OneDrive\\Рабочий стол\\Учеба\\ajs-50\\Async-Promises\\src\\js\\parser.js","statementMap":{"0":{"start":{"line":3,"column":2},"end":{"line":8,"column":5}},"1":{"start":{"line":5,"column":4},"end":{"line":7,"column":12}},"2":{"start":{"line":6,"column":6},"end":{"line":6,"column":70}}},"fnMap":{"0":{"name":"json","decl":{"start":{"line":2,"column":24},"end":{"line":2,"column":28}},"loc":{"start":{"line":2,"column":35},"end":{"line":9,"column":1}},"line":2},"1":{"name":"(anonymous_1)","decl":{"start":{"line":3,"column":21},"end":{"line":3,"column":22}},"loc":{"start":{"line":3,"column":42},"end":{"line":8,"column":3}},"line":3},"2":{"name":"(anonymous_2)","decl":{"start":{"line":5,"column":15},"end":{"line":5,"column":16}},"loc":{"start":{"line":5,"column":21},"end":{"line":7,"column":5}},"line":5}},"branchMap":{},"s":{"0":2,"1":2,"2":2},"f":{"0":2,"1":2,"2":2},"b":{},"_coverageSchema":"1a1c01bbd47fc00a2c39e90264f33305004495a9","hash":"1acae9b14d46922609b09949f162f690c129488d"}
,"C:\\Users\\milas\\OneDrive\\Рабочий стол\\Учеба\\ajs-50\\Async-Promises\\src\\js\\reader.js": {"path":"C:\\Users\\milas\\OneDrive\\Рабочий стол\\Учеба\\ajs-50\\Async-Promises\\src\\js\\reader.js","statementMap":{"0":{"start":{"line":4,"column":2},"end":{"line":17,"column":5}},"1":{"start":{"line":6,"column":4},"end":{"line":16,"column":13}},"2":{"start":{"line":7,"column":19},"end":{"line":7,"column":111}},"3":{"start":{"line":8,"column":6},"end":{"line":15,"column":15}},"4":{"start":{"line":9,"column":23},"end":{"line":9,"column":56}},"5":{"start":{"line":10,"column":27},"end":{"line":10,"column":50}},"6":{"start":{"line":11,"column":8},"end":{"line":13,"column":9}},"7":{"start":{"line":11,"column":21},"end":{"line":11,"column":22}},"8":{"start":{"line":12,"column":10},"end":{"line":12,"column":46}},"9":{"start":{"line":14,"column":8},"end":{"line":14,"column":24}}},"fnMap":{"0":{"name":"read","decl":{"start":{"line":3,"column":24},"end":{"line":3,"column":28}},"loc":{"start":{"line":3,"column":31},"end":{"line":18,"column":1}},"line":3},"1":{"name":"(anonymous_1)","decl":{"start":{"line":4,"column":21},"end":{"line":4,"column":22}},"loc":{"start":{"line":4,"column":42},"end":{"line":17,"column":3}},"line":4},"2":{"name":"(anonymous_2)","decl":{"start":{"line":6,"column":15},"end":{"line":6,"column":16}},"loc":{"start":{"line":6,"column":21},"end":{"line":16,"column":5}},"line":6},"3":{"name":"(anonymous_3)","decl":{"start":{"line":8,"column":14},"end":{"line":8,"column":15}},"loc":{"start":{"line":8,"column":25},"end":{"line":15,"column":7}},"line":8}},"branchMap":{},"s":{"0":0,"1":0,"2":0,"3":0,"4":0,"5":0,"6":0,"7":0,"8":0,"9":0},"f":{"0":0,"1":0,"2":0,"3":0},"b":{},"_coverageSchema":"1a1c01bbd47fc00a2c39e90264f33305004495a9","hash":"48dabb72edb5eaf3f1061974e6a4450ac59757d3"}
}
